Collecting transformers>=4.30.0
  Downloading transformers-4.57.3-py3-none-any.whl.metadata (43 kB)
     ‚îÅ‚îÅ‚îÅ‚îÅ‚îÅ‚îÅ‚îÅ‚îÅ‚îÅ‚îÅ‚îÅ‚îÅ‚îÅ‚îÅ‚îÅ‚îÅ‚îÅ‚îÅ‚îÅ‚îÅ‚îÅ‚îÅ‚îÅ‚îÅ‚îÅ‚îÅ‚îÅ‚îÅ‚îÅ‚îÅ‚îÅ‚îÅ‚îÅ‚îÅ‚îÅ‚îÅ‚îÅ‚îÅ‚îÅ‚îÅ 44.0/44.0 kB 3.8 MB/s eta 0:00:00
Collecting filelock (from transformers>=4.30.0)
  Downloading filelock-3.20.2-py3-none-any.whl.metadata (2.1 kB)
Collecting huggingface-hub<1.0,>=0.34.0 (from transformers>=4.30.0)
  Downloading huggingface_hub-0.36.0-py3-none-any.whl.metadata (14 kB)
Requirement already satisfied: numpy>=1.17 in /usr/local/lib/python3.11/site-packages (from transformers>=4.30.0) (2.4.0)
Requirement already satisfied: packaging>=20.0 in /usr/local/lib/python3.11/site-packages (from transformers>=4.30.0) (25.0)
Collecting pyyaml>=5.1 (from transformers>=4.30.0)
  Downloading pyyaml-6.0.3-cp311-cp311-manylinux2014_x86_64.manylinux_2_17_x86_64.manylinux_2_28_x86_64.whl.metadata (2.4 kB)
Collecting regex!=2019.12.17 (from transformers>=4.30.0)
  Downloading regex-2025.11.3-cp311-cp311-manylinux2014_x86_64.manylinux_2_17_x86_64.manylinux_2_28_x86_64.whl.metadata (40 kB)
     ‚îÅ‚îÅ‚îÅ‚îÅ‚îÅ‚îÅ‚îÅ‚îÅ‚îÅ‚îÅ‚îÅ‚îÅ‚îÅ‚îÅ‚îÅ‚îÅ‚îÅ‚îÅ‚îÅ‚îÅ‚îÅ‚îÅ‚îÅ‚îÅ‚îÅ‚îÅ‚îÅ‚îÅ‚îÅ‚îÅ‚îÅ‚îÅ‚îÅ‚îÅ‚îÅ‚îÅ‚îÅ‚îÅ‚îÅ‚îÅ 40.5/40.5 kB 17.7 MB/s eta 0:00:00
Requirement already satisfied: requests in /usr/local/lib/python3.11/site-packages (from transformers>=4.30.0) (2.32.5)
Collecting tokenizers<=0.23.0,>=0.22.0 (from transformers>=4.30.0)
  Downloading tokenizers-0.22.1-cp39-abi3-manylinux_2_17_x86_64.manylinux2014_x86_64.whl.metadata (6.8 kB)
Collecting safetensors>=0.4.3 (from transformers>=4.30.0)
  Downloading safetensors-0.7.0-cp38-abi3-manylinux_2_17_x86_64.manylinux2014_x86_64.whl.metadata (4.1 kB)
Collecting tqdm>=4.27 (from transformers>=4.30.0)
  Downloading tqdm-4.67.1-py3-none-any.whl.metadata (57 kB)
     ‚îÅ‚îÅ‚îÅ‚îÅ‚îÅ‚îÅ‚îÅ‚îÅ‚îÅ‚îÅ‚îÅ‚îÅ‚îÅ‚îÅ‚îÅ‚îÅ‚îÅ‚îÅ‚îÅ‚îÅ‚îÅ‚îÅ‚îÅ‚îÅ‚îÅ‚îÅ‚îÅ‚îÅ‚îÅ‚îÅ‚îÅ‚îÅ‚îÅ‚îÅ‚îÅ‚îÅ‚îÅ‚îÅ‚îÅ‚îÅ 57.7/57.7 kB 24.3 MB/s eta 0:00:00
Collecting fsspec>=2023.5.0 (from huggingface-hub<1.0,>=0.34.0->transformers>=4.30.0)
  Downloading fsspec-2025.12.0-py3-none-any.whl.metadata (10 kB)
Requirement already satisfied: typing-extensions>=3.7.4.3 in /usr/local/lib/python3.11/site-packages (from huggingface-hub<1.0,>=0.34.0->transformers>=4.30.0) (4.15.0)
Collecting hf-xet<2.0.0,>=1.1.3 (from huggingface-hub<1.0,>=0.34.0->transformers>=4.30.0)
  Downloading hf_xet-1.2.0-cp37-abi3-manylinux_2_17_x86_64.manylinux2014_x86_64.whl.metadata (4.9 kB)
Requirement already satisfied: charset_normalizer<4,>=2 in /usr/local/lib/python3.11/site-packages (from requests->transformers>=4.30.0) (3.4.4)
Requirement already satisfied: idna<4,>=2.5 in /usr/local/lib/python3.11/site-packages (from requests->transformers>=4.30.0) (3.11)
Requirement already satisfied: urllib3<3,>=1.21.1 in /usr/local/lib/python3.11/site-packages (from requests->transformers>=4.30.0) (2.6.2)
Requirement already satisfied: certifi>=2017.4.17 in /usr/local/lib/python3.11/site-packages (from requests->transformers>=4.30.0) (2025.11.12)
Downloading transformers-4.57.3-py3-none-any.whl (12.0 MB)
   ‚îÅ‚îÅ‚îÅ‚îÅ‚îÅ‚îÅ‚îÅ‚îÅ‚îÅ‚îÅ‚îÅ‚îÅ‚îÅ‚îÅ‚îÅ‚îÅ‚îÅ‚îÅ‚îÅ‚îÅ‚îÅ‚îÅ‚îÅ‚îÅ‚îÅ‚îÅ‚îÅ‚îÅ‚îÅ‚îÅ‚îÅ‚îÅ‚îÅ‚îÅ‚îÅ‚îÅ‚îÅ‚îÅ‚îÅ‚îÅ 12.0/12.0 MB 121.9 MB/s eta 0:00:00
Downloading huggingface_hub-0.36.0-py3-none-any.whl (566 kB)
   ‚îÅ‚îÅ‚îÅ‚îÅ‚îÅ‚îÅ‚îÅ‚îÅ‚îÅ‚îÅ‚îÅ‚îÅ‚îÅ‚îÅ‚îÅ‚îÅ‚îÅ‚îÅ‚îÅ‚îÅ‚îÅ‚îÅ‚îÅ‚îÅ‚îÅ‚îÅ‚îÅ‚îÅ‚îÅ‚îÅ‚îÅ‚îÅ‚îÅ‚îÅ‚îÅ‚îÅ‚îÅ‚îÅ‚îÅ 566.1/566.1 kB 145.2 MB/s eta 0:00:00
Downloading pyyaml-6.0.3-cp311-cp311-manylinux2014_x86_64.manylinux_2_17_x86_64.manylinux_2_28_x86_64.whl (806 kB)
   ‚îÅ‚îÅ‚îÅ‚îÅ‚îÅ‚îÅ‚îÅ‚îÅ‚îÅ‚îÅ‚îÅ‚îÅ‚îÅ‚îÅ‚îÅ‚îÅ‚îÅ‚îÅ‚îÅ‚îÅ‚îÅ‚îÅ‚îÅ‚îÅ‚îÅ‚îÅ‚îÅ‚îÅ‚îÅ‚îÅ‚îÅ‚îÅ‚îÅ‚îÅ‚îÅ‚îÅ‚îÅ‚îÅ‚îÅ 806.6/806.6 kB 163.8 MB/s eta 0:00:00
Downloading regex-2025.11.3-cp311-cp311-manylinux2014_x86_64.manylinux_2_17_x86_64.manylinux_2_28_x86_64.whl (800 kB)
   ‚îÅ‚îÅ‚îÅ‚îÅ‚îÅ‚îÅ‚îÅ‚îÅ‚îÅ‚îÅ‚îÅ‚îÅ‚îÅ‚îÅ‚îÅ‚îÅ‚îÅ‚îÅ‚îÅ‚îÅ‚îÅ‚îÅ‚îÅ‚îÅ‚îÅ‚îÅ‚îÅ‚îÅ‚îÅ‚îÅ‚îÅ‚îÅ‚îÅ‚îÅ‚îÅ‚îÅ‚îÅ‚îÅ‚îÅ 800.4/800.4 kB 172.1 MB/s eta 0:00:00
Downloading safetensors-0.7.0-cp38-abi3-manylinux_2_17_x86_64.manylinux2014_x86_64.whl (507 kB)
   ‚îÅ‚îÅ‚îÅ‚îÅ‚îÅ‚îÅ‚îÅ‚îÅ‚îÅ‚îÅ‚îÅ‚îÅ‚îÅ‚îÅ‚îÅ‚îÅ‚îÅ‚îÅ‚îÅ‚îÅ‚îÅ‚îÅ‚îÅ‚îÅ‚îÅ‚îÅ‚îÅ‚îÅ‚îÅ‚îÅ‚îÅ‚îÅ‚îÅ‚îÅ‚îÅ‚îÅ‚îÅ‚îÅ‚îÅ 507.2/507.2 kB 140.8 MB/s eta 0:00:00
Downloading tokenizers-0.22.1-cp39-abi3-manylinux_2_17_x86_64.manylinux2014_x86_64.whl (3.3 MB)
   ‚îÅ‚îÅ‚îÅ‚îÅ‚îÅ‚îÅ‚îÅ‚îÅ‚îÅ‚îÅ‚îÅ‚îÅ‚îÅ‚îÅ‚îÅ‚îÅ‚îÅ‚îÅ‚îÅ‚îÅ‚îÅ‚îÅ‚îÅ‚îÅ‚îÅ‚îÅ‚îÅ‚îÅ‚îÅ‚îÅ‚îÅ‚îÅ‚îÅ‚îÅ‚îÅ‚îÅ‚îÅ‚îÅ‚îÅ‚îÅ 3.3/3.3 MB 187.2 MB/s eta 0:00:00
Downloading tqdm-4.67.1-py3-none-any.whl (78 kB)
   ‚îÅ‚îÅ‚îÅ‚îÅ‚îÅ‚îÅ‚îÅ‚îÅ‚îÅ‚îÅ‚îÅ‚îÅ‚îÅ‚îÅ‚îÅ‚îÅ‚îÅ‚îÅ‚îÅ‚îÅ‚îÅ‚îÅ‚îÅ‚îÅ‚îÅ‚îÅ‚îÅ‚îÅ‚îÅ‚îÅ‚îÅ‚îÅ‚îÅ‚îÅ‚îÅ‚îÅ‚îÅ‚îÅ‚îÅ‚îÅ 78.5/78.5 kB 43.3 MB/s eta 0:00:00
Downloading filelock-3.20.2-py3-none-any.whl (16 kB)
Downloading fsspec-2025.12.0-py3-none-any.whl (201 kB)
   ‚îÅ‚îÅ‚îÅ‚îÅ‚îÅ‚îÅ‚îÅ‚îÅ‚îÅ‚îÅ‚îÅ‚îÅ‚îÅ‚îÅ‚îÅ‚îÅ‚îÅ‚îÅ‚îÅ‚îÅ‚îÅ‚îÅ‚îÅ‚îÅ‚îÅ‚îÅ‚îÅ‚îÅ‚îÅ‚îÅ‚îÅ‚îÅ‚îÅ‚îÅ‚îÅ‚îÅ‚îÅ‚îÅ‚îÅ‚îÅ 201.4/201.4 kB 90.5 MB/s eta 0:00:00
Downloading hf_xet-1.2.0-cp37-abi3-manylinux_2_17_x86_64.manylinux2014_x86_64.whl (3.3 MB)
   ‚îÅ‚îÅ‚îÅ‚îÅ‚îÅ‚îÅ‚îÅ‚îÅ‚îÅ‚îÅ‚îÅ‚îÅ‚îÅ‚îÅ‚îÅ‚îÅ‚îÅ‚îÅ‚îÅ‚îÅ‚îÅ‚îÅ‚îÅ‚îÅ‚îÅ‚îÅ‚îÅ‚îÅ‚îÅ‚îÅ‚îÅ‚îÅ‚îÅ‚îÅ‚îÅ‚îÅ‚îÅ‚îÅ‚îÅ‚îÅ 3.3/3.3 MB 151.7 MB/s eta 0:00:00
Installing collected packages: tqdm, safetensors, regex, pyyaml, hf-xet, fsspec, filelock, huggingface-hub, tokenizers, transformers
Successfully installed filelock-3.20.2 fsspec-2025.12.0 hf-xet-1.2.0 huggingface-hub-0.36.0 pyyaml-6.0.3 regex-2025.11.3 safetensors-0.7.0 tokenizers-0.22.1 tqdm-4.67.1 transformers-4.57.3
WARNING: Running pip as the 'root' user can result in broken permissions and conflicting behaviour with the system package manager. It is recommended to use a virtual environment instead: https://pip.pypa.io/warnings/venv

[notice] A new release of pip is available: 24.0 -> 25.3
[notice] To update, run: pip install --upgrade pip
Collecting torch>=2.0.0
  Downloading torch-2.9.1-cp311-cp311-manylinux_2_28_x86_64.whl.metadata (30 kB)
Requirement already satisfied: filelock in /usr/local/lib/python3.11/site-packages (from torch>=2.0.0) (3.20.2)
Requirement already satisfied: typing-extensions>=4.10.0 in /usr/local/lib/python3.11/site-packages (from torch>=2.0.0) (4.15.0)
Collecting sympy>=1.13.3 (from torch>=2.0.0)
  Downloading sympy-1.14.0-py3-none-any.whl.metadata (12 kB)
Requirement already satisfied: networkx>=2.5.1 in /usr/local/lib/python3.11/site-packages (from torch>=2.0.0) (3.6.1)
Collecting jinja2 (from torch>=2.0.0)
  Downloading jinja2-3.1.6-py3-none-any.whl.metadata (2.9 kB)
Requirement already satisfied: fsspec>=0.8.5 in /usr/local/lib/python3.11/site-packages (from torch>=2.0.0) (2025.12.0)
Collecting nvidia-cuda-nvrtc-cu12==12.8.93 (from torch>=2.0.0)
  Downloading nvidia_cuda_nvrtc_cu12-12.8.93-py3-none-manylinux2010_x86_64.manylinux_2_12_x86_64.whl.metadata (1.7 kB)
Collecting nvidia-cuda-runtime-cu12==12.8.90 (from torch>=2.0.0)
  Downloading nvidia_cuda_runtime_cu12-12.8.90-py3-none-manylinux2014_x86_64.manylinux_2_17_x86_64.whl.metadata (1.7 kB)
Collecting nvidia-cuda-cupti-cu12==12.8.90 (from torch>=2.0.0)
  Downloading nvidia_cuda_cupti_cu12-12.8.90-py3-none-manylinux2014_x86_64.manylinux_2_17_x86_64.whl.metadata (1.7 kB)
Collecting nvidia-cudnn-cu12==9.10.2.21 (from torch>=2.0.0)
  Downloading nvidia_cudnn_cu12-9.10.2.21-py3-none-manylinux_2_27_x86_64.whl.metadata (1.8 kB)
Collecting nvidia-cublas-cu12==12.8.4.1 (from torch>=2.0.0)
  Downloading nvidia_cublas_cu12-12.8.4.1-py3-none-manylinux_2_27_x86_64.whl.metadata (1.7 kB)
Collecting nvidia-cufft-cu12==11.3.3.83 (from torch>=2.0.0)
  Downloading nvidia_cufft_cu12-11.3.3.83-py3-none-manylinux2014_x86_64.manylinux_2_17_x86_64.whl.metadata (1.7 kB)
Collecting nvidia-curand-cu12==10.3.9.90 (from torch>=2.0.0)
  Downloading nvidia_curand_cu12-10.3.9.90-py3-none-manylinux_2_27_x86_64.whl.metadata (1.7 kB)
Collecting nvidia-cusolver-cu12==11.7.3.90 (from torch>=2.0.0)
  Downloading nvidia_cusolver_cu12-11.7.3.90-py3-none-manylinux_2_27_x86_64.whl.metadata (1.8 kB)
Collecting nvidia-cusparse-cu12==12.5.8.93 (from torch>=2.0.0)
  Downloading nvidia_cusparse_cu12-12.5.8.93-py3-none-manylinux2014_x86_64.manylinux_2_17_x86_64.whl.metadata (1.8 kB)
Collecting nvidia-cusparselt-cu12==0.7.1 (from torch>=2.0.0)
  Downloading nvidia_cusparselt_cu12-0.7.1-py3-none-manylinux2014_x86_64.whl.metadata (7.0 kB)
Collecting nvidia-nccl-cu12==2.27.5 (from torch>=2.0.0)
  Downloading nvidia_nccl_cu12-2.27.5-py3-none-manylinux2014_x86_64.manylinux_2_17_x86_64.whl.metadata (2.0 kB)
Collecting nvidia-nvshmem-cu12==3.3.20 (from torch>=2.0.0)
  Downloading nvidia_nvshmem_cu12-3.3.20-py3-none-manylinux2014_x86_64.manylinux_2_17_x86_64.whl.metadata (2.1 kB)
Collecting nvidia-nvtx-cu12==12.8.90 (from torch>=2.0.0)
  Downloading nvidia_nvtx_cu12-12.8.90-py3-none-manylinux2014_x86_64.manylinux_2_17_x86_64.whl.metadata (1.8 kB)
Collecting nvidia-nvjitlink-cu12==12.8.93 (from torch>=2.0.0)
  Downloading nvidia_nvjitlink_cu12-12.8.93-py3-none-manylinux2010_x86_64.manylinux_2_12_x86_64.whl.metadata (1.7 kB)
Collecting nvidia-cufile-cu12==1.13.1.3 (from torch>=2.0.0)
  Downloading nvidia_cufile_cu12-1.13.1.3-py3-none-manylinux2014_x86_64.manylinux_2_17_x86_64.whl.metadata (1.7 kB)
Collecting triton==3.5.1 (from torch>=2.0.0)
  Downloading triton-3.5.1-cp311-cp311-manylinux_2_27_x86_64.manylinux_2_28_x86_64.whl.metadata (1.7 kB)
Collecting mpmath<1.4,>=1.1.0 (from sympy>=1.13.3->torch>=2.0.0)
  Downloading mpmath-1.3.0-py3-none-any.whl.metadata (8.6 kB)
Collecting MarkupSafe>=2.0 (from jinja2->torch>=2.0.0)
  Downloading markupsafe-3.0.3-cp311-cp311-manylinux2014_x86_64.manylinux_2_17_x86_64.manylinux_2_28_x86_64.whl.metadata (2.7 kB)
Downloading torch-2.9.1-cp311-cp311-manylinux_2_28_x86_64.whl (899.8 MB)
   ‚îÅ‚îÅ‚îÅ‚îÅ‚îÅ‚îÅ‚îÅ‚îÅ‚îÅ‚îÅ‚îÅ‚îÅ‚îÅ‚îÅ‚îÅ‚îÅ‚îÅ‚îÅ‚îÅ‚îÅ‚îÅ‚îÅ‚îÅ‚îÅ‚îÅ‚ï∏              590.0/899.8 MB 211.7 MB/s eta 0:00:02
ERROR: Exception:
Traceback (most recent call last):
  File "/usr/local/lib/python3.11/site-packages/pip/_vendor/urllib3/response.py", line 438, in _error_catcher
    yield
  File "/usr/local/lib/python3.11/site-packages/pip/_vendor/urllib3/response.py", line 561, in read
    data = self._fp_read(amt) if not fp_closed else b""
           ^^^^^^^^^^^^^^^^^^
  File "/usr/local/lib/python3.11/site-packages/pip/_vendor/urllib3/response.py", line 527, in _fp_read
    return self._fp.read(amt) if amt is not None else self._fp.read()
           ^^^^^^^^^^^^^^^^^^
  File "/usr/local/lib/python3.11/site-packages/pip/_vendor/cachecontrol/filewrapper.py", line 102, in read
    self.__buf.write(data)
  File "/usr/local/lib/python3.11/tempfile.py", line 500, in func_wrapper
    return func(*args, **kwargs)
           ^^^^^^^^^^^^^^^^^^^^^
OSError: [Errno 28] No space left on device

During handling of the above exception, another exception occurred:

Traceback (most recent call last):
  File "/usr/local/lib/python3.11/site-packages/pip/_internal/cli/base_command.py", line 180, in exc_logging_wrapper
    status = run_func(*args)
             ^^^^^^^^^^^^^^^
  File "/usr/local/lib/python3.11/site-packages/pip/_internal/cli/req_command.py", line 245, in wrapper
    return func(self, options, args)
           ^^^^^^^^^^^^^^^^^^^^^^^^^
  File "/usr/local/lib/python3.11/site-packages/pip/_internal/commands/install.py", line 377, in run
    requirement_set = resolver.resolve(
                      ^^^^^^^^^^^^^^^^^
  File "/usr/local/lib/python3.11/site-packages/pip/_internal/resolution/resolvelib/resolver.py", line 179, in resolve
    self.factory.preparer.prepare_linked_requirements_more(reqs)
  File "/usr/local/lib/python3.11/site-packages/pip/_internal/operations/prepare.py", line 552, in prepare_linked_requirements_more
    self._complete_partial_requirements(
  File "/usr/local/lib/python3.11/site-packages/pip/_internal/operations/prepare.py", line 467, in _complete_partial_requirements
    for link, (filepath, _) in batch_download:
  File "/usr/local/lib/python3.11/site-packages/pip/_internal/network/download.py", line 183, in __call__
    for chunk in chunks:
  File "/usr/local/lib/python3.11/site-packages/pip/_internal/cli/progress_bars.py", line 53, in _rich_progress_bar
    for chunk in iterable:
  File "/usr/local/lib/python3.11/site-packages/pip/_internal/network/utils.py", line 63, in response_chunks
    for chunk in response.raw.stream(
  File "/usr/local/lib/python3.11/site-packages/pip/_vendor/urllib3/response.py", line 622, in stream
    data = self.read(amt=amt, decode_content=decode_content)
           ^^^^^^^^^^^^^^^^^^^^^^^^^^^^^^^^^^^^^^^^^^^^^^^^^
  File "/usr/local/lib/python3.11/site-packages/pip/_vendor/urllib3/response.py", line 560, in read
    with self._error_catcher():
  File "/usr/local/lib/python3.11/contextlib.py", line 158, in __exit__
    self.gen.throw(typ, value, traceback)
  File "/usr/local/lib/python3.11/site-packages/pip/_vendor/urllib3/response.py", line 455, in _error_catcher
    raise ProtocolError("Connection broken: %r" % e, e)
pip._vendor.urllib3.exceptions.ProtocolError: ("Connection broken: OSError(28, 'No space left on device')", OSError(28, 'No space left on device'))
--- Logging error ---
--- Logging error ---
Collecting spacy>=3.6.0
  Downloading spacy-3.8.11-cp311-cp311-manylinux2014_x86_64.manylinux_2_17_x86_64.whl.metadata (27 kB)
Collecting spacy-legacy<3.1.0,>=3.0.11 (from spacy>=3.6.0)
  Downloading spacy_legacy-3.0.12-py2.py3-none-any.whl.metadata (2.8 kB)
Collecting spacy-loggers<2.0.0,>=1.0.0 (from spacy>=3.6.0)
  Downloading spacy_loggers-1.0.5-py3-none-any.whl.metadata (23 kB)
Collecting murmurhash<1.1.0,>=0.28.0 (from spacy>=3.6.0)
  Downloading murmurhash-1.0.15-cp311-cp311-manylinux1_x86_64.manylinux2014_x86_64.manylinux_2_17_x86_64.manylinux_2_5_x86_64.whl.metadata (2.3 kB)
Collecting cymem<2.1.0,>=2.0.2 (from spacy>=3.6.0)
  Downloading cymem-2.0.13-cp311-cp311-manylinux2014_x86_64.manylinux_2_17_x86_64.whl.metadata (9.7 kB)
Collecting preshed<3.1.0,>=3.0.2 (from spacy>=3.6.0)
  Downloading preshed-3.0.12-cp311-cp311-manylinux1_x86_64.manylinux2014_x86_64.manylinux_2_17_x86_64.manylinux_2_5_x86_64.whl.metadata (2.5 kB)
Collecting thinc<8.4.0,>=8.3.4 (from spacy>=3.6.0)
  Downloading thinc-8.3.10-cp311-cp311-manylinux2014_x86_64.manylinux_2_17_x86_64.whl.metadata (15 kB)
Collecting wasabi<1.2.0,>=0.9.1 (from spacy>=3.6.0)
  Downloading wasabi-1.1.3-py3-none-any.whl.metadata (28 kB)
Collecting srsly<3.0.0,>=2.4.3 (from spacy>=3.6.0)
  Downloading srsly-2.5.2-cp311-cp311-manylinux2014_x86_64.manylinux_2_17_x86_64.whl.metadata (19 kB)
Collecting catalogue<2.1.0,>=2.0.6 (from spacy>=3.6.0)
  Downloading catalogue-2.0.10-py3-none-any.whl.metadata (14 kB)
Collecting weasel<0.5.0,>=0.4.2 (from spacy>=3.6.0)
  Downloading weasel-0.4.3-py3-none-any.whl.metadata (4.6 kB)
Collecting typer-slim<1.0.0,>=0.3.0 (from spacy>=3.6.0)
  Downloading typer_slim-0.21.0-py3-none-any.whl.metadata (16 kB)
Requirement already satisfied: tqdm<5.0.0,>=4.38.0 in /usr/local/lib/python3.11/site-packages (from spacy>=3.6.0) (4.67.1)
Requirement already satisfied: numpy>=1.19.0 in /usr/local/lib/python3.11/site-packages (from spacy>=3.6.0) (2.4.0)
Requirement already satisfied: requests<3.0.0,>=2.13.0 in /usr/local/lib/python3.11/site-packages (from spacy>=3.6.0) (2.32.5)
Requirement already satisfied: pydantic!=1.8,!=1.8.1,<3.0.0,>=1.7.4 in /usr/local/lib/python3.11/site-packages (from spacy>=3.6.0) (2.6.1)
Collecting jinja2 (from spacy>=3.6.0)
  Using cached jinja2-3.1.6-py3-none-any.whl.metadata (2.9 kB)
Requirement already satisfied: setuptools in /usr/local/lib/python3.11/site-packages (from spacy>=3.6.0) (79.0.1)
Requirement already satisfied: packaging>=20.0 in /usr/local/lib/python3.11/site-packages (from spacy>=3.6.0) (25.0)
Requirement already satisfied: annotated-types>=0.4.0 in /usr/local/lib/python3.11/site-packages (from pydantic!=1.8,!=1.8.1,<3.0.0,>=1.7.4->spacy>=3.6.0) (0.7.0)
Requirement already satisfied: pydantic-core==2.16.2 in /usr/local/lib/python3.11/site-packages (from pydantic!=1.8,!=1.8.1,<3.0.0,>=1.7.4->spacy>=3.6.0) (2.16.2)
Requirement already satisfied: typing-extensions>=4.6.1 in /usr/local/lib/python3.11/site-packages (from pydantic!=1.8,!=1.8.1,<3.0.0,>=1.7.4->spacy>=3.6.0) (4.15.0)
Requirement already satisfied: charset_normalizer<4,>=2 in /usr/local/lib/python3.11/site-packages (from requests<3.0.0,>=2.13.0->spacy>=3.6.0) (3.4.4)
Requirement already satisfied: idna<4,>=2.5 in /usr/local/lib/python3.11/site-packages (from requests<3.0.0,>=2.13.0->spacy>=3.6.0) (3.11)
Requirement already satisfied: urllib3<3,>=1.21.1 in /usr/local/lib/python3.11/site-packages (from requests<3.0.0,>=2.13.0->spacy>=3.6.0) (2.6.2)
Requirement already satisfied: certifi>=2017.4.17 in /usr/local/lib/python3.11/site-packages (from requests<3.0.0,>=2.13.0->spacy>=3.6.0) (2025.11.12)
Collecting blis<1.4.0,>=1.3.0 (from thinc<8.4.0,>=8.3.4->spacy>=3.6.0)
  Downloading blis-1.3.3-cp311-cp311-manylinux2014_x86_64.manylinux_2_17_x86_64.whl.metadata (7.5 kB)
Collecting confection<1.0.0,>=0.0.1 (from thinc<8.4.0,>=8.3.4->spacy>=3.6.0)
  Downloading confection-0.1.5-py3-none-any.whl.metadata (19 kB)
Requirement already satisfied: click>=8.0.0 in /usr/local/lib/python3.11/site-packages (from typer-slim<1.0.0,>=0.3.0->spacy>=3.6.0) (8.3.1)
Collecting cloudpathlib<1.0.0,>=0.7.0 (from weasel<0.5.0,>=0.4.2->spacy>=3.6.0)
  Downloading cloudpathlib-0.23.0-py3-none-any.whl.metadata (16 kB)
Collecting smart-open<8.0.0,>=5.2.1 (from weasel<0.5.0,>=0.4.2->spacy>=3.6.0)
  Downloading smart_open-7.5.0-py3-none-any.whl.metadata (24 kB)
Collecting MarkupSafe>=2.0 (from jinja2->spacy>=3.6.0)
  Using cached markupsafe-3.0.3-cp311-cp311-manylinux2014_x86_64.manylinux_2_17_x86_64.manylinux_2_28_x86_64.whl.metadata (2.7 kB)
Collecting wrapt (from smart-open<8.0.0,>=5.2.1->weasel<0.5.0,>=0.4.2->spacy>=3.6.0)
  Downloading wrapt-2.0.1-cp311-cp311-manylinux1_x86_64.manylinux_2_28_x86_64.manylinux_2_5_x86_64.whl.metadata (9.0 kB)
Downloading spacy-3.8.11-cp311-cp311-manylinux2014_x86_64.manylinux_2_17_x86_64.whl (32.3 MB)
   ‚îÅ‚îÅ‚îÅ‚îÅ‚îÅ‚îÅ‚îÅ‚îÅ‚îÅ‚îÅ‚îÅ‚îÅ‚îÅ‚îÅ‚îÅ‚îÅ‚îÅ‚îÅ‚îÅ‚îÅ‚îÅ‚îÅ‚îÅ‚îÅ‚îÅ‚îÅ‚îÅ‚îÅ‚îÅ‚îÅ‚îÅ‚îÅ‚îÅ‚îÅ‚îÅ‚îÅ‚îÅ‚îÅ‚îÅ‚îÅ 32.3/32.3 MB 131.3 MB/s eta 0:00:00
Downloading catalogue-2.0.10-py3-none-any.whl (17 kB)
Downloading cymem-2.0.13-cp311-cp311-manylinux2014_x86_64.manylinux_2_17_x86_64.whl (244 kB)
   ‚îÅ‚îÅ‚îÅ‚îÅ‚îÅ‚îÅ‚îÅ‚îÅ‚îÅ‚îÅ‚îÅ‚îÅ‚îÅ‚îÅ‚îÅ‚îÅ‚îÅ‚îÅ‚îÅ‚îÅ‚îÅ‚îÅ‚îÅ‚îÅ‚îÅ‚îÅ‚îÅ‚îÅ‚îÅ‚îÅ‚îÅ‚îÅ‚îÅ‚îÅ‚îÅ‚îÅ‚îÅ‚îÅ‚îÅ 244.5/244.5 kB 102.3 MB/s eta 0:00:00
Downloading murmurhash-1.0.15-cp311-cp311-manylinux1_x86_64.manylinux2014_x86_64.manylinux_2_17_x86_64.manylinux_2_5_x86_64.whl (128 kB)
   ‚îÅ‚îÅ‚îÅ‚îÅ‚îÅ‚îÅ‚îÅ‚îÅ‚îÅ‚îÅ‚îÅ‚îÅ‚îÅ‚îÅ‚îÅ‚îÅ‚îÅ‚îÅ‚îÅ‚îÅ‚îÅ‚îÅ‚îÅ‚îÅ‚îÅ‚îÅ‚îÅ‚îÅ‚îÅ‚îÅ‚îÅ‚îÅ‚îÅ‚îÅ‚îÅ‚îÅ‚îÅ‚îÅ‚îÅ‚îÅ 128.4/128.4 kB 65.6 MB/s eta 0:00:00
Downloading preshed-3.0.12-cp311-cp311-manylinux1_x86_64.manylinux2014_x86_64.manylinux_2_17_x86_64.manylinux_2_5_x86_64.whl (824 kB)
   ‚îÅ‚îÅ‚îÅ‚îÅ‚îÅ‚îÅ‚îÅ‚îÅ‚îÅ‚îÅ‚îÅ‚îÅ‚îÅ‚îÅ‚îÅ‚îÅ‚îÅ‚îÅ‚îÅ‚îÅ‚îÅ‚îÅ‚îÅ‚îÅ‚îÅ‚îÅ‚îÅ‚îÅ‚îÅ‚îÅ‚îÅ‚îÅ‚îÅ‚îÅ‚îÅ‚îÅ‚îÅ‚îÅ‚îÅ 824.7/824.7 kB 169.5 MB/s eta 0:00:00
Downloading spacy_legacy-3.0.12-py2.py3-none-any.whl (29 kB)
Downloading spacy_loggers-1.0.5-py3-none-any.whl (22 kB)
Downloading srsly-2.5.2-cp311-cp311-manylinux2014_x86_64.manylinux_2_17_x86_64.whl (1.1 MB)
   ‚îÅ‚îÅ‚îÅ‚îÅ‚îÅ‚îÅ‚îÅ‚îÅ‚îÅ‚îÅ‚îÅ‚îÅ‚îÅ‚îÅ‚îÅ‚îÅ‚îÅ‚îÅ‚îÅ‚îÅ‚îÅ‚îÅ‚îÅ‚îÅ‚îÅ‚îÅ‚îÅ‚îÅ‚îÅ‚îÅ‚îÅ‚îÅ‚îÅ‚îÅ‚îÅ‚îÅ‚îÅ‚îÅ‚îÅ‚îÅ 1.1/1.1 MB 177.8 MB/s eta 0:00:00
Downloading thinc-8.3.10-cp311-cp311-manylinux2014_x86_64.manylinux_2_17_x86_64.whl (4.1 MB)
   ‚îÅ‚îÅ‚îÅ‚îÅ‚îÅ‚îÅ‚îÅ‚îÅ‚îÅ‚îÅ‚îÅ‚îÅ‚îÅ‚îÅ‚îÅ‚îÅ‚îÅ‚îÅ‚îÅ‚îÅ‚îÅ‚îÅ‚îÅ‚îÅ‚îÅ‚îÅ‚îÅ‚îÅ‚îÅ‚îÅ‚îÅ‚îÅ‚îÅ‚îÅ‚îÅ‚îÅ‚îÅ‚îÅ‚îÅ‚îÅ 4.1/4.1 MB 205.0 MB/s eta 0:00:00
Downloading typer_slim-0.21.0-py3-none-any.whl (47 kB)
   ‚îÅ‚îÅ‚îÅ‚îÅ‚îÅ‚îÅ‚îÅ‚îÅ‚îÅ‚îÅ‚îÅ‚îÅ‚îÅ‚îÅ‚îÅ‚îÅ‚îÅ‚îÅ‚îÅ‚îÅ‚îÅ‚îÅ‚îÅ‚îÅ‚îÅ‚îÅ‚îÅ‚îÅ‚îÅ‚îÅ‚îÅ‚îÅ‚îÅ‚îÅ‚îÅ‚îÅ‚îÅ‚îÅ‚îÅ‚îÅ 47.2/47.2 kB 25.9 MB/s eta 0:00:00
Downloading wasabi-1.1.3-py3-none-any.whl (27 kB)
Downloading weasel-0.4.3-py3-none-any.whl (50 kB)
   ‚îÅ‚îÅ‚îÅ‚îÅ‚îÅ‚îÅ‚îÅ‚îÅ‚îÅ‚îÅ‚îÅ‚îÅ‚îÅ‚îÅ‚îÅ‚îÅ‚îÅ‚îÅ‚îÅ‚îÅ‚îÅ‚îÅ‚îÅ‚îÅ‚îÅ‚îÅ‚îÅ‚îÅ‚îÅ‚îÅ‚îÅ‚îÅ‚îÅ‚îÅ‚îÅ‚îÅ‚îÅ‚îÅ‚îÅ‚îÅ 50.8/50.8 kB 27.0 MB/s eta 0:00:00
Downloading jinja2-3.1.6-py3-none-any.whl (134 kB)
   ‚îÅ‚îÅ‚îÅ‚îÅ‚îÅ‚îÅ‚îÅ‚îÅ‚îÅ‚îÅ‚îÅ‚îÅ‚îÅ‚îÅ‚îÅ‚îÅ‚îÅ‚îÅ‚îÅ‚îÅ‚îÅ‚îÅ‚îÅ‚îÅ‚îÅ‚îÅ‚îÅ‚îÅ‚îÅ‚îÅ‚îÅ‚îÅ‚îÅ‚îÅ‚îÅ‚îÅ‚îÅ‚îÅ‚îÅ‚îÅ 134.9/134.9 kB 70.3 MB/s eta 0:00:00
Downloading blis-1.3.3-cp311-cp311-manylinux2014_x86_64.manylinux_2_17_x86_64.whl (11.4 MB)
   ‚îÅ‚îÅ‚îÅ‚îÅ‚îÅ‚îÅ‚îÅ‚îÅ‚îÅ‚îÅ‚îÅ‚îÅ‚îÅ‚îÅ‚îÅ‚îÅ‚îÅ‚îÅ‚îÅ‚îÅ‚îÅ‚îÅ‚îÅ‚îÅ‚îÅ‚îÅ‚îÅ‚îÅ‚îÅ‚îÅ‚îÅ‚îÅ‚îÅ‚îÅ‚îÅ‚îÅ‚îÅ‚îÅ‚îÅ‚îÅ 11.4/11.4 MB 212.9 MB/s eta 0:00:00
Downloading cloudpathlib-0.23.0-py3-none-any.whl (62 kB)
   ‚îÅ‚îÅ‚îÅ‚îÅ‚îÅ‚îÅ‚îÅ‚îÅ‚îÅ‚îÅ‚îÅ‚îÅ‚îÅ‚îÅ‚îÅ‚îÅ‚îÅ‚îÅ‚îÅ‚îÅ‚îÅ‚îÅ‚îÅ‚îÅ‚îÅ‚îÅ‚îÅ‚îÅ‚îÅ‚îÅ‚îÅ‚îÅ‚îÅ‚îÅ‚îÅ‚îÅ‚îÅ‚îÅ‚îÅ‚îÅ 62.8/62.8 kB 35.4 MB/s eta 0:00:00
Downloading confection-0.1.5-py3-none-any.whl (35 kB)
Downloading markupsafe-3.0.3-cp311-cp311-manylinux2014_x86_64.manylinux_2_17_x86_64.manylinux_2_28_x86_64.whl (22 kB)
Downloading smart_open-7.5.0-py3-none-any.whl (63 kB)
   ‚îÅ‚îÅ‚îÅ‚îÅ‚îÅ‚îÅ‚îÅ‚îÅ‚îÅ‚îÅ‚îÅ‚îÅ‚îÅ‚îÅ‚îÅ‚îÅ‚îÅ‚îÅ‚îÅ‚îÅ‚îÅ‚îÅ‚îÅ‚îÅ‚îÅ‚îÅ‚îÅ‚îÅ‚îÅ‚îÅ‚îÅ‚îÅ‚îÅ‚îÅ‚îÅ‚îÅ‚îÅ‚îÅ‚îÅ‚îÅ 63.9/63.9 kB 34.3 MB/s eta 0:00:00
Downloading wrapt-2.0.1-cp311-cp311-manylinux1_x86_64.manylinux_2_28_x86_64.manylinux_2_5_x86_64.whl (114 kB)
   ‚îÅ‚îÅ‚îÅ‚îÅ‚îÅ‚îÅ‚îÅ‚îÅ‚îÅ‚îÅ‚îÅ‚îÅ‚îÅ‚îÅ‚îÅ‚îÅ‚îÅ‚îÅ‚îÅ‚îÅ‚îÅ‚îÅ‚îÅ‚îÅ‚îÅ‚îÅ‚îÅ‚îÅ‚îÅ‚îÅ‚îÅ‚îÅ‚îÅ‚îÅ‚îÅ‚îÅ‚îÅ‚îÅ‚îÅ‚îÅ 114.1/114.1 kB 56.1 MB/s eta 0:00:00
Installing collected packages: wrapt, wasabi, typer-slim, spacy-loggers, spacy-legacy, murmurhash, MarkupSafe, cymem, cloudpathlib, catalogue, blis, srsly, smart-open, preshed, jinja2, confection, weasel, thinc, spacy
Successfully installed MarkupSafe-3.0.3 blis-1.3.3 catalogue-2.0.10 cloudpathlib-0.23.0 confection-0.1.5 cymem-2.0.13 jinja2-3.1.6 murmurhash-1.0.15 preshed-3.0.12 smart-open-7.5.0 spacy-3.8.11 spacy-legacy-3.0.12 spacy-loggers-1.0.5 srsly-2.5.2 thinc-8.3.10 typer-slim-0.21.0 wasabi-1.1.3 weasel-0.4.3 wrapt-2.0.1
WARNING: Running pip as the 'root' user can result in broken permissions and conflicting behaviour with the system package manager. It is recommended to use a virtual environment instead: https://pip.pypa.io/warnings/venv

[notice] A new release of pip is available: 24.0 -> 25.3
[notice] To update, run: pip install --upgrade pip
Collecting nltk>=3.8.0
  Downloading nltk-3.9.2-py3-none-any.whl.metadata (3.2 kB)
Requirement already satisfied: click in /usr/local/lib/python3.11/site-packages (from nltk>=3.8.0) (8.3.1)
Requirement already satisfied: joblib in /usr/local/lib/python3.11/site-packages (from nltk>=3.8.0) (1.5.3)
Requirement already satisfied: regex>=2021.8.3 in /usr/local/lib/python3.11/site-packages (from nltk>=3.8.0) (2025.11.3)
Requirement already satisfied: tqdm in /usr/local/lib/python3.11/site-packages (from nltk>=3.8.0) (4.67.1)
Downloading nltk-3.9.2-py3-none-any.whl (1.5 MB)
   ‚îÅ‚îÅ‚îÅ‚îÅ‚îÅ‚îÅ‚îÅ‚îÅ‚îÅ‚îÅ‚îÅ‚îÅ‚îÅ‚îÅ‚îÅ‚îÅ‚îÅ‚îÅ‚îÅ‚îÅ‚îÅ‚îÅ‚îÅ‚îÅ‚îÅ‚îÅ‚îÅ‚îÅ‚îÅ‚îÅ‚îÅ‚îÅ‚îÅ‚îÅ‚îÅ‚îÅ‚îÅ‚îÅ‚îÅ‚îÅ 1.5/1.5 MB 34.5 MB/s eta 0:00:00
Installing collected packages: nltk
Successfully installed nltk-3.9.2
WARNING: Running pip as the 'root' user can result in broken permissions and conflicting behaviour with the system package manager. It is recommended to use a virtual environment instead: https://pip.pypa.io/warnings/venv

[notice] A new release of pip is available: 24.0 -> 25.3
[notice] To update, run: pip install --upgrade pip
üéØ The Falcon Press Office - Installation Script
==================================================
‚úÖ Python version: 3.11.14 (main, Dec  8 2025, 23:41:18) [GCC 12.2.0]

üîß Installing core dependencies...
‚úÖ numpy>=1.24.0 already installed
‚úÖ pandas>=2.0.0 already installed
‚úÖ matplotlib>=3.7.0 already installed
‚úÖ seaborn>=0.12.0 already installed
‚úÖ scikit-learn>=1.3.0 already installed
‚úÖ plotly>=5.15.0 already installed
‚úÖ networkx>=3.1.0 already installed
‚úÖ requests>=2.31.0 already installed
‚úÖ beautifulsoup4>=4.12.0 already installed
‚úÖ lxml>=4.9.0 already installed
‚úÖ python-dateutil>=2.8.0 already installed
‚úÖ urllib3>=2.0.0 already installed
‚úÖ certifi>=2023.7.0 already installed

üîß Installing optional dependencies...
üì¶ Installing transformers>=4.30.0...
‚úÖ transformers>=4.30.0 installed successfully
‚úÖ AI/ML capabilities enabled
üì¶ Installing torch>=2.0.0...
‚ùå Failed to install torch>=2.0.0: Command '['/usr/local/bin/python3', '-m', 'pip', 'install', 'torch>=2.0.0']' returned non-zero exit status 2.
‚ö†Ô∏è  Deep learning framework not available (will use fallbacks)
üì¶ Installing spacy>=3.6.0...
‚úÖ spacy>=3.6.0 installed successfully
‚úÖ Advanced NLP enabled
üì¶ Installing nltk>=3.8.0...
‚úÖ nltk>=3.8.0 installed successfully
‚úÖ Natural language processing enabled

üñ•Ô∏è  Checking GUI components...
‚úÖ tkinter available

üìÅ Creating directories...
‚úÖ Created data/ directory
‚úÖ Created libraries/ directory
‚úÖ Created exports/ directory
‚úÖ Created logs/ directory
‚úÖ Created cache/ directory

üß™ Verifying installation...
‚úÖ numpy imported successfully
‚úÖ pandas imported successfully
‚úÖ matplotlib.pyplot imported successfully
‚úÖ plotly.graph_objects imported successfully
‚úÖ requests imported successfully
‚úÖ bs4 imported successfully
‚úÖ sklearn imported successfully

‚úÖ All core components installed successfully

üìú Creating startup script...
‚úÖ Created start_falcon.sh (Unix/Linux)
‚úÖ Created start_falcon.bat (Windows)

==================================================
üìä Installation Summary
==================================================
‚ö†Ô∏è  Optional packages not installed: 1
   (The application will use fallback methods)

‚úÖ Installation completed successfully!

üöÄ To start The Falcon Press Office:
   Unix/Linux: ./start_falcon.sh
   Windows: start_falcon.bat
   Or directly: python3 falcon_press_office.py

üìö For more information, see README.md
